<?xml version="1.0" encoding="UTF-8"?>
<!-- Generated by org.testng.reporters.JUnitXMLReporter -->
<testsuite ignored="0" hostname="DESKTOP-UPOV6RS" failures="0" tests="5" name="chromee" time="33.634" errors="0" timestamp="2022-11-29T10:48:49 IST">
  <testcase classname="TestCases.TC001__drag__" name="dragFromOnePlacetoAnotherPlace" time="4.367"/>
  <testcase classname="TestCases.TC001___dranAndDrop" name="draggingPerformance" time="4.003"/>
  <testcase classname="TestCases.TC001__Resize__" name="performResizePreformance" time="4.019"/>
  <testcase classname="TestCases.TC001__selectable" name="selectablePerformance" time="4.341"/>
  <testcase classname="TestCases.TC001__sortable" name="sortblePerformance" time="14.682"/>
</testsuite> <!-- chromee -->
