<?xml version="1.0" encoding="UTF-8"?>
<!-- Generated by org.testng.reporters.JUnitXMLReporter -->
<testsuite ignored="0" hostname="DESKTOP-UPOV6RS" failures="0" tests="3" name="firefoxx" time="22.398" errors="0" timestamp="2022-11-28T10:06:49 IST">
  <testcase classname="TestCases.TC001___dranAndDrop" name="draggingPerformance" time="1.638"/>
  <testcase classname="TestCases.TC001__drag__" name="dragFromOnePlacetoAnotherPlace" time="2.4"/>
  <testcase classname="TestCases.TC001__Resize__" name="performResizePreformance" time="4.761"/>
</testsuite> <!-- firefoxx -->
