<?xml version="1.0" encoding="UTF-8"?>
<!-- Generated by org.testng.reporters.JUnitXMLReporter -->
<testsuite ignored="0" hostname="DESKTOP-6Q51SVF" failures="0" tests="5" name="firefox" time="55.941" errors="0" timestamp="2022-12-06T16:04:59 IST">
  <testcase classname="TestCases.TC001___dranAndDrop" name="draggingPerformance" time="1.54"/>
  <testcase classname="TestCases.TC001__drag__" name="dragFromOnePlacetoAnotherPlace" time="1.64"/>
  <testcase classname="TestCases.TC001__Resize__" name="performResizePreformance" time="1.691"/>
  <testcase classname="TestCases.TC001__selectable" name="selectablePerformance" time="1.723"/>
  <testcase classname="TestCases.TC001__sortable" name="sortblePerformance" time="12.645"/>
</testsuite> <!-- firefox -->
