<?xml version="1.0" encoding="UTF-8"?>
<!-- Generated by org.testng.reporters.JUnitXMLReporter -->
<testsuite ignored="0" hostname="DESKTOP-6Q51SVF" failures="2" tests="3" name="Test" time="24.847" errors="0" timestamp="2022-12-05T15:32:25 IST">
  <testcase classname="TestCases.TC001___dranAndDrop" name="draggingPerformance" time="1.541"/>
  <testcase classname="TestCases.TC001__drag__" name="dragFromOnePlacetoAnotherPlace" time="2.475">
    <failure type="java.lang.AssertionError" message="expected [true] but found [false]">
      <![CDATA[java.lang.AssertionError: expected [true] but found [false]
at TestCases.TC001__drag__.dragFromOnePlacetoAnotherPlace(TC001__drag__.java:27)
at java.base/java.util.ArrayList.forEach(ArrayList.java:1511)
... Removed 31 stack frames]]>
    </failure>
  </testcase> <!-- dragFromOnePlacetoAnotherPlace -->
  <testcase classname="TestCases.TC001__Resize__" name="performResizePreformance" time="1.622">
    <failure type="java.lang.AssertionError" message="expected [true] but found [false]">
      <![CDATA[java.lang.AssertionError: expected [true] but found [false]
at TestCases.TC001__Resize__.performResizePreformance(TC001__Resize__.java:17)
at java.base/java.util.ArrayList.forEach(ArrayList.java:1511)
... Removed 31 stack frames]]>
    </failure>
  </testcase> <!-- performResizePreformance -->
</testsuite> <!-- Test -->
