<?xml version="1.0" encoding="UTF-8"?>
<!-- Generated by org.testng.reporters.JUnitXMLReporter -->
<testsuite ignored="0" hostname="DESKTOP-UPOV6RS" failures="1" tests="1" name="chrome" time="10.964" errors="0" timestamp="2022-11-28T15:09:17 IST">
  <testcase classname="TestCases.TC001__selectable" name="selectablePerformance" time="0.011">
    <failure type="java.lang.ExceptionInInitializerError">
      <![CDATA[java.lang.ExceptionInInitializerError
at TestCases.TC001__selectable.selectablePerformance(TC001__selectable.java:11)
at java.base/java.util.ArrayList.forEach(ArrayList.java:1511)
Caused by: java.lang.NullPointerException: Cannot invoke "java.util.List.get(int)" because "mainObjectives.selectableElements.items" is null
at mainObjectives.selectableElements.<clinit>(selectableElements.java:27)
... 27 more
... Removed 25 stack frames]]>
    </failure>
  </testcase> <!-- selectablePerformance -->
</testsuite> <!-- chrome -->
