<?xml version="1.0" encoding="UTF-8"?>
<!-- Generated by org.testng.reporters.JUnitXMLReporter -->
<testsuite ignored="0" hostname="DESKTOP-UPOV6RS" failures="0" tests="5" name="chromee" time="33.426" errors="0" timestamp="2022-11-29T11:15:59 IST">
  <testcase classname="TestCases.TC001___dranAndDrop" name="draggingPerformance" time="3.407"/>
  <testcase classname="TestCases.TC001__Resize__" name="performResizePreformance" time="3.721"/>
  <testcase classname="TestCases.TC001__drag__" name="dragFromOnePlacetoAnotherPlace" time="3.703"/>
  <testcase classname="TestCases.TC001__selectable" name="selectablePerformance" time="4.209"/>
  <testcase classname="TestCases.TC001__sortable" name="sortblePerformance" time="14.874"/>
</testsuite> <!-- chromee -->
