<?xml version="1.0" encoding="UTF-8"?>
<!-- Generated by org.testng.reporters.JUnitXMLReporter -->
<testsuite ignored="0" hostname="DESKTOP-UPOV6RS" failures="0" tests="5" name="edgeee" time="27.998" errors="0" timestamp="2022-11-29T11:16:27 IST">
  <testcase classname="TestCases.TC001___dranAndDrop" name="draggingPerformance" time="7.124"/>
  <testcase classname="TestCases.TC001__Resize__" name="performResizePreformance" time="2.991"/>
  <testcase classname="TestCases.TC001__drag__" name="dragFromOnePlacetoAnotherPlace" time="3.007"/>
  <testcase classname="TestCases.TC001__selectable" name="selectablePerformance" time="3.013"/>
  <testcase classname="TestCases.TC001__sortable" name="sortblePerformance" time="14.129"/>
</testsuite> <!-- edgeee -->
