<?xml version="1.0" encoding="UTF-8"?>
<!-- Generated by org.testng.reporters.JUnitXMLReporter -->
<testsuite ignored="0" hostname="DESKTOP-UPOV6RS" failures="1" tests="1" name="edge" time="18.562" errors="0" timestamp="2022-11-25T16:13:53 IST">
  <testcase classname="TestCases.TC001__drag__" name="dragFromOnePlacetoAnotherPlace" time="1.895">
    <failure type="org.openqa.selenium.StaleElementReferenceException" message="stale element reference: element is not attached to the page document
  (Session info: MicrosoftEdge=107.0.1418.56)
For documentation on this error, please visit: https://selenium.dev/exceptions/#stale_element_reference
Build info: version: &amp;apos;4.3.0&amp;apos;, revision: &amp;apos;a4995e2c09*&amp;apos;
System info: host: &amp;apos;DESKTOP-UPOV6RS&amp;apos;, ip: &amp;apos;192.168.2.178&amp;apos;, os.name: &amp;apos;Windows 10&amp;apos;, os.arch: &amp;apos;amd64&amp;apos;, os.version: &amp;apos;10.0&amp;apos;, java.version: &amp;apos;18.0.1.1&amp;apos;
Driver info: org.openqa.selenium.edge.EdgeDriver
Command: [8576025fb31867fd3647da9db7469f20, clickElement {id=5912396c-2e25-46e2-a293-8f07b244e55b}]
Capabilities {acceptInsecureCerts: false, browserName: msedge, browserVersion: 107.0.1418.56, ms:edgeOptions: {debuggerAddress: localhost:59302}, msedge: {msedgedriverVersion: 107.0.1418.56 (5b47a5c50066..., userDataDir: C:\Users\ADMINI~1\AppData\L...}, networkConnectionEnabled: false, pageLoadStrategy: normal, platformName: WINDOWS, proxy: Proxy(), se:cdp: ws://localhost:59302/devtoo..., se:cdpVersion: 107.0.1418.56, setWindowRect: true, strictFileInteractability: false, timeouts: {implicit: 0, pageLoad: 300000, script: 30000}, unhandledPromptBehavior: dismiss and notify, webauthn:extension:credBlob: true, webauthn:extension:largeBlob: true, webauthn:virtualAuthenticators: true}
Element: [[EdgeDriver: msedge on WINDOWS (8576025fb31867fd3647da9db7469f20)] -&amp;gt; xpath: //*[text()=&amp;apos;Draggable&amp;apos;]]
Session ID: 8576025fb31867fd3647da9db7469f20">
      <![CDATA[org.openqa.selenium.StaleElementReferenceException: stale element reference: element is not attached to the page document
  (Session info: MicrosoftEdge=107.0.1418.56)
For documentation on this error, please visit: https://selenium.dev/exceptions/#stale_element_reference
Build info: version: '4.3.0', revision: 'a4995e2c09*'
System info: host: 'DESKTOP-UPOV6RS', ip: '192.168.2.178', os.name: 'Windows 10', os.arch: 'amd64', os.version: '10.0', java.version: '18.0.1.1'
Driver info: org.openqa.selenium.edge.EdgeDriver
Command: [8576025fb31867fd3647da9db7469f20, clickElement {id=5912396c-2e25-46e2-a293-8f07b244e55b}]
Capabilities {acceptInsecureCerts: false, browserName: msedge, browserVersion: 107.0.1418.56, ms:edgeOptions: {debuggerAddress: localhost:59302}, msedge: {msedgedriverVersion: 107.0.1418.56 (5b47a5c50066..., userDataDir: C:\Users\ADMINI~1\AppData\L...}, networkConnectionEnabled: false, pageLoadStrategy: normal, platformName: WINDOWS, proxy: Proxy(), se:cdp: ws://localhost:59302/devtoo..., se:cdpVersion: 107.0.1418.56, setWindowRect: true, strictFileInteractability: false, timeouts: {implicit: 0, pageLoad: 300000, script: 30000}, unhandledPromptBehavior: dismiss and notify, webauthn:extension:credBlob: true, webauthn:extension:largeBlob: true, webauthn:virtualAuthenticators: true}
Element: [[EdgeDriver: msedge on WINDOWS (8576025fb31867fd3647da9db7469f20)] -> xpath: //*[text()='Draggable']]
Session ID: 8576025fb31867fd3647da9db7469f20
at org.openqa.selenium.remote.codec.w3c.W3CHttpResponseCodec.createException(W3CHttpResponseCodec.java:200)
at org.openqa.selenium.remote.codec.w3c.W3CHttpResponseCodec.decode(W3CHttpResponseCodec.java:133)
at org.openqa.selenium.remote.codec.w3c.W3CHttpResponseCodec.decode(W3CHttpResponseCodec.java:53)
at org.openqa.selenium.remote.HttpCommandExecutor.execute(HttpCommandExecutor.java:184)
at org.openqa.selenium.remote.service.DriverCommandExecutor.invokeExecute(DriverCommandExecutor.java:167)
at org.openqa.selenium.remote.service.DriverCommandExecutor.execute(DriverCommandExecutor.java:142)
at org.openqa.selenium.remote.RemoteWebDriver.execute(RemoteWebDriver.java:569)
at org.openqa.selenium.remote.RemoteWebElement.execute(RemoteWebElement.java:257)
at org.openqa.selenium.remote.RemoteWebElement.click(RemoteWebElement.java:78)
at org.openqa.selenium.support.pagefactory.internal.LocatingElementHandler.invoke(LocatingElementHandler.java:52)
at jdk.proxy2/jdk.proxy2.$Proxy18.click(Unknown Source)
at mainObjectives.dragPageElements.clickondraggable(dragPageElements.java:28)
at TestCases.TC001__drag__.dragFromOnePlacetoAnotherPlace(TC001__drag__.java:18)
at java.base/java.util.ArrayList.forEach(ArrayList.java:1511)
at java.base/java.util.concurrent.FutureTask.run(FutureTask.java:264)
at java.base/java.util.concurrent.ThreadPoolExecutor.runWorker(ThreadPoolExecutor.java:1136)
at java.base/java.util.concurrent.ThreadPoolExecutor$Worker.run(ThreadPoolExecutor.java:635)
at java.base/java.lang.Thread.run(Thread.java:833)
... Removed 20 stack frames]]>
    </failure>
  </testcase> <!-- dragFromOnePlacetoAnotherPlace -->
</testsuite> <!-- edge -->
