<?xml version="1.0" encoding="UTF-8"?>
<testng-results ignored="0" total="15" passed="15" failed="0" skipped="0">
  <reporter-output>
  </reporter-output>
  <suite started-at="2022-12-06T16:03:13 IST" name="Suite" finished-at="2022-12-06T16:05:46 IST" duration-ms="152829">
    <groups>
    </groups>
    <test started-at="2022-12-06T16:03:13 IST" name="chrome" finished-at="2022-12-06T16:04:03 IST" duration-ms="49399">
      <class name="TestCases.TC001__Resize__">
        <test-method is-config="true" signature="setup(java.lang.String)[pri:0, instance:TestCases.TC001__Resize__@34123d65]" started-at="2022-12-06T16:03:29 IST" name="setup" finished-at="2022-12-06T16:03:32 IST" duration-ms="2473" status="PASS">
          <params>
            <param index="0">
              <value>
                <![CDATA[chrome]]>
              </value>
            </param>
          </params>
          <reporter-output>
          </reporter-output>
        </test-method> <!-- setup -->
        <test-method signature="performResizePreformance()[pri:0, instance:TestCases.TC001__Resize__@34123d65]" started-at="2022-12-06T16:03:32 IST" name="performResizePreformance" finished-at="2022-12-06T16:03:34 IST" duration-ms="1574" status="PASS">
          <reporter-output>
          </reporter-output>
        </test-method> <!-- performResizePreformance -->
        <test-method is-config="true" signature="tearDown()[pri:0, instance:TestCases.TC001__Resize__@34123d65]" started-at="2022-12-06T16:03:34 IST" name="tearDown" finished-at="2022-12-06T16:03:37 IST" duration-ms="3134" status="PASS">
          <reporter-output>
          </reporter-output>
        </test-method> <!-- tearDown -->
      </class> <!-- TestCases.TC001__Resize__ -->
      <class name="TestCases.TC001__selectable">
        <test-method is-config="true" signature="setup(java.lang.String)[pri:0, instance:TestCases.TC001__selectable@59474f18]" started-at="2022-12-06T16:03:37 IST" name="setup" finished-at="2022-12-06T16:03:39 IST" duration-ms="2346" status="PASS">
          <params>
            <param index="0">
              <value>
                <![CDATA[chrome]]>
              </value>
            </param>
          </params>
          <reporter-output>
          </reporter-output>
        </test-method> <!-- setup -->
        <test-method signature="selectablePerformance()[pri:1, instance:TestCases.TC001__selectable@59474f18]" started-at="2022-12-06T16:03:39 IST" name="selectablePerformance" finished-at="2022-12-06T16:03:41 IST" duration-ms="1906" status="PASS">
          <reporter-output>
          </reporter-output>
        </test-method> <!-- selectablePerformance -->
        <test-method is-config="true" signature="tearDown()[pri:0, instance:TestCases.TC001__selectable@59474f18]" started-at="2022-12-06T16:03:41 IST" name="tearDown" finished-at="2022-12-06T16:03:44 IST" duration-ms="3098" status="PASS">
          <reporter-output>
          </reporter-output>
        </test-method> <!-- tearDown -->
      </class> <!-- TestCases.TC001__selectable -->
      <class name="TestCases.TC001__sortable">
        <test-method is-config="true" signature="setup(java.lang.String)[pri:0, instance:TestCases.TC001__sortable@65fb9ffc]" started-at="2022-12-06T16:03:44 IST" name="setup" finished-at="2022-12-06T16:03:47 IST" duration-ms="3418" status="PASS">
          <params>
            <param index="0">
              <value>
                <![CDATA[chrome]]>
              </value>
            </param>
          </params>
          <reporter-output>
          </reporter-output>
        </test-method> <!-- setup -->
        <test-method signature="sortblePerformance()[pri:1, instance:TestCases.TC001__sortable@65fb9ffc]" started-at="2022-12-06T16:03:47 IST" name="sortblePerformance" finished-at="2022-12-06T16:04:00 IST" duration-ms="12978" status="PASS">
          <reporter-output>
          </reporter-output>
        </test-method> <!-- sortblePerformance -->
        <test-method is-config="true" signature="tearDown()[pri:0, instance:TestCases.TC001__sortable@65fb9ffc]" started-at="2022-12-06T16:04:00 IST" name="tearDown" finished-at="2022-12-06T16:04:03 IST" duration-ms="2138" status="PASS">
          <reporter-output>
          </reporter-output>
        </test-method> <!-- tearDown -->
      </class> <!-- TestCases.TC001__sortable -->
      <class name="TestCases.TC001__drag__">
        <test-method is-config="true" signature="setup(java.lang.String)[pri:0, instance:TestCases.TC001__drag__@4802796d]" started-at="2022-12-06T16:03:23 IST" name="setup" finished-at="2022-12-06T16:03:26 IST" duration-ms="2726" status="PASS">
          <params>
            <param index="0">
              <value>
                <![CDATA[chrome]]>
              </value>
            </param>
          </params>
          <reporter-output>
          </reporter-output>
        </test-method> <!-- setup -->
        <test-method signature="dragFromOnePlacetoAnotherPlace()[pri:0, instance:TestCases.TC001__drag__@4802796d]" started-at="2022-12-06T16:03:26 IST" name="dragFromOnePlacetoAnotherPlace" finished-at="2022-12-06T16:03:27 IST" duration-ms="1614" status="PASS">
          <reporter-output>
          </reporter-output>
        </test-method> <!-- dragFromOnePlacetoAnotherPlace -->
        <test-method is-config="true" signature="tearDown()[pri:0, instance:TestCases.TC001__drag__@4802796d]" started-at="2022-12-06T16:03:27 IST" name="tearDown" finished-at="2022-12-06T16:03:29 IST" duration-ms="2229" status="PASS">
          <reporter-output>
          </reporter-output>
        </test-method> <!-- tearDown -->
      </class> <!-- TestCases.TC001__drag__ -->
      <class name="TestCases.TC001___dranAndDrop">
        <test-method is-config="true" signature="setup(java.lang.String)[pri:0, instance:TestCases.TC001___dranAndDrop@55182842]" started-at="2022-12-06T16:03:13 IST" name="setup" finished-at="2022-12-06T16:03:19 IST" duration-ms="5703" status="PASS">
          <params>
            <param index="0">
              <value>
                <![CDATA[chrome]]>
              </value>
            </param>
          </params>
          <reporter-output>
          </reporter-output>
        </test-method> <!-- setup -->
        <test-method signature="draggingPerformance()[pri:1, instance:TestCases.TC001___dranAndDrop@55182842]" started-at="2022-12-06T16:03:19 IST" name="draggingPerformance" finished-at="2022-12-06T16:03:21 IST" duration-ms="1539" status="PASS">
          <reporter-output>
          </reporter-output>
        </test-method> <!-- draggingPerformance -->
        <test-method is-config="true" signature="tearDown()[pri:0, instance:TestCases.TC001___dranAndDrop@55182842]" started-at="2022-12-06T16:03:21 IST" name="tearDown" finished-at="2022-12-06T16:03:23 IST" duration-ms="2159" status="PASS">
          <reporter-output>
          </reporter-output>
        </test-method> <!-- tearDown -->
      </class> <!-- TestCases.TC001___dranAndDrop -->
    </test> <!-- chrome -->
    <test started-at="2022-12-06T16:04:03 IST" name="firefox" finished-at="2022-12-06T16:04:59 IST" duration-ms="55941">
      <class name="TestCases.TC001__Resize__">
        <test-method is-config="true" signature="setup(java.lang.String)[pri:0, instance:TestCases.TC001__Resize__@6150c3ec]" started-at="2022-12-06T16:04:21 IST" name="setup" finished-at="2022-12-06T16:04:26 IST" duration-ms="4625" status="PASS">
          <params>
            <param index="0">
              <value>
                <![CDATA[firefox]]>
              </value>
            </param>
          </params>
          <reporter-output>
          </reporter-output>
        </test-method> <!-- setup -->
        <test-method signature="performResizePreformance()[pri:0, instance:TestCases.TC001__Resize__@6150c3ec]" started-at="2022-12-06T16:04:26 IST" name="performResizePreformance" finished-at="2022-12-06T16:04:28 IST" duration-ms="1691" status="PASS">
          <reporter-output>
          </reporter-output>
        </test-method> <!-- performResizePreformance -->
        <test-method is-config="true" signature="tearDown()[pri:0, instance:TestCases.TC001__Resize__@6150c3ec]" started-at="2022-12-06T16:04:28 IST" name="tearDown" finished-at="2022-12-06T16:04:30 IST" duration-ms="2643" status="PASS">
          <reporter-output>
          </reporter-output>
        </test-method> <!-- tearDown -->
      </class> <!-- TestCases.TC001__Resize__ -->
      <class name="TestCases.TC001__selectable">
        <test-method is-config="true" signature="setup(java.lang.String)[pri:0, instance:TestCases.TC001__selectable@44c03695]" started-at="2022-12-06T16:04:30 IST" name="setup" finished-at="2022-12-06T16:04:34 IST" duration-ms="4090" status="PASS">
          <params>
            <param index="0">
              <value>
                <![CDATA[firefox]]>
              </value>
            </param>
          </params>
          <reporter-output>
          </reporter-output>
        </test-method> <!-- setup -->
        <test-method signature="selectablePerformance()[pri:1, instance:TestCases.TC001__selectable@44c03695]" started-at="2022-12-06T16:04:34 IST" name="selectablePerformance" finished-at="2022-12-06T16:04:36 IST" duration-ms="1723" status="PASS">
          <reporter-output>
          </reporter-output>
        </test-method> <!-- selectablePerformance -->
        <test-method is-config="true" signature="tearDown()[pri:0, instance:TestCases.TC001__selectable@44c03695]" started-at="2022-12-06T16:04:36 IST" name="tearDown" finished-at="2022-12-06T16:04:39 IST" duration-ms="2648" status="PASS">
          <reporter-output>
          </reporter-output>
        </test-method> <!-- tearDown -->
      </class> <!-- TestCases.TC001__selectable -->
      <class name="TestCases.TC001__sortable">
        <test-method is-config="true" signature="setup(java.lang.String)[pri:0, instance:TestCases.TC001__sortable@7e6f74c]" started-at="2022-12-06T16:04:39 IST" name="setup" finished-at="2022-12-06T16:04:43 IST" duration-ms="4556" status="PASS">
          <params>
            <param index="0">
              <value>
                <![CDATA[firefox]]>
              </value>
            </param>
          </params>
          <reporter-output>
          </reporter-output>
        </test-method> <!-- setup -->
        <test-method signature="sortblePerformance()[pri:1, instance:TestCases.TC001__sortable@7e6f74c]" started-at="2022-12-06T16:04:43 IST" name="sortblePerformance" finished-at="2022-12-06T16:04:56 IST" duration-ms="12645" status="PASS">
          <reporter-output>
          </reporter-output>
        </test-method> <!-- sortblePerformance -->
        <test-method is-config="true" signature="tearDown()[pri:0, instance:TestCases.TC001__sortable@7e6f74c]" started-at="2022-12-06T16:04:56 IST" name="tearDown" finished-at="2022-12-06T16:04:59 IST" duration-ms="2680" status="PASS">
          <reporter-output>
          </reporter-output>
        </test-method> <!-- tearDown -->
      </class> <!-- TestCases.TC001__sortable -->
      <class name="TestCases.TC001__drag__">
        <test-method is-config="true" signature="setup(java.lang.String)[pri:0, instance:TestCases.TC001__drag__@1573f9fc]" started-at="2022-12-06T16:04:12 IST" name="setup" finished-at="2022-12-06T16:04:17 IST" duration-ms="5074" status="PASS">
          <params>
            <param index="0">
              <value>
                <![CDATA[firefox]]>
              </value>
            </param>
          </params>
          <reporter-output>
          </reporter-output>
        </test-method> <!-- setup -->
        <test-method signature="dragFromOnePlacetoAnotherPlace()[pri:0, instance:TestCases.TC001__drag__@1573f9fc]" started-at="2022-12-06T16:04:17 IST" name="dragFromOnePlacetoAnotherPlace" finished-at="2022-12-06T16:04:19 IST" duration-ms="1640" status="PASS">
          <reporter-output>
          </reporter-output>
        </test-method> <!-- dragFromOnePlacetoAnotherPlace -->
        <test-method is-config="true" signature="tearDown()[pri:0, instance:TestCases.TC001__drag__@1573f9fc]" started-at="2022-12-06T16:04:19 IST" name="tearDown" finished-at="2022-12-06T16:04:21 IST" duration-ms="2639" status="PASS">
          <reporter-output>
          </reporter-output>
        </test-method> <!-- tearDown -->
      </class> <!-- TestCases.TC001__drag__ -->
      <class name="TestCases.TC001___dranAndDrop">
        <test-method is-config="true" signature="setup(java.lang.String)[pri:0, instance:TestCases.TC001___dranAndDrop@5542c4ed]" started-at="2022-12-06T16:04:03 IST" name="setup" finished-at="2022-12-06T16:04:08 IST" duration-ms="4939" status="PASS">
          <params>
            <param index="0">
              <value>
                <![CDATA[firefox]]>
              </value>
            </param>
          </params>
          <reporter-output>
          </reporter-output>
        </test-method> <!-- setup -->
        <test-method signature="draggingPerformance()[pri:1, instance:TestCases.TC001___dranAndDrop@5542c4ed]" started-at="2022-12-06T16:04:08 IST" name="draggingPerformance" finished-at="2022-12-06T16:04:09 IST" duration-ms="1540" status="PASS">
          <reporter-output>
          </reporter-output>
        </test-method> <!-- draggingPerformance -->
        <test-method is-config="true" signature="tearDown()[pri:0, instance:TestCases.TC001___dranAndDrop@5542c4ed]" started-at="2022-12-06T16:04:09 IST" name="tearDown" finished-at="2022-12-06T16:04:12 IST" duration-ms="2795" status="PASS">
          <reporter-output>
          </reporter-output>
        </test-method> <!-- tearDown -->
      </class> <!-- TestCases.TC001___dranAndDrop -->
    </test> <!-- firefox -->
    <test started-at="2022-12-06T16:04:59 IST" name="edge" finished-at="2022-12-06T16:05:46 IST" duration-ms="47181">
      <class name="TestCases.TC001__Resize__">
        <test-method is-config="true" signature="setup(java.lang.String)[pri:0, instance:TestCases.TC001__Resize__@5aa9e4eb]" started-at="2022-12-06T16:05:15 IST" name="setup" finished-at="2022-12-06T16:05:18 IST" duration-ms="2361" status="PASS">
          <params>
            <param index="0">
              <value>
                <![CDATA[edge]]>
              </value>
            </param>
          </params>
          <reporter-output>
          </reporter-output>
        </test-method> <!-- setup -->
        <test-method signature="performResizePreformance()[pri:0, instance:TestCases.TC001__Resize__@5aa9e4eb]" started-at="2022-12-06T16:05:18 IST" name="performResizePreformance" finished-at="2022-12-06T16:05:19 IST" duration-ms="1548" status="PASS">
          <reporter-output>
          </reporter-output>
        </test-method> <!-- performResizePreformance -->
        <test-method is-config="true" signature="tearDown()[pri:0, instance:TestCases.TC001__Resize__@5aa9e4eb]" started-at="2022-12-06T16:05:19 IST" name="tearDown" finished-at="2022-12-06T16:05:21 IST" duration-ms="2224" status="PASS">
          <reporter-output>
          </reporter-output>
        </test-method> <!-- tearDown -->
      </class> <!-- TestCases.TC001__Resize__ -->
      <class name="TestCases.TC001__selectable">
        <test-method is-config="true" signature="setup(java.lang.String)[pri:0, instance:TestCases.TC001__selectable@6989da5e]" started-at="2022-12-06T16:05:21 IST" name="setup" finished-at="2022-12-06T16:05:24 IST" duration-ms="2207" status="PASS">
          <params>
            <param index="0">
              <value>
                <![CDATA[edge]]>
              </value>
            </param>
          </params>
          <reporter-output>
          </reporter-output>
        </test-method> <!-- setup -->
        <test-method signature="selectablePerformance()[pri:1, instance:TestCases.TC001__selectable@6989da5e]" started-at="2022-12-06T16:05:24 IST" name="selectablePerformance" finished-at="2022-12-06T16:05:25 IST" duration-ms="1714" status="PASS">
          <reporter-output>
          </reporter-output>
        </test-method> <!-- selectablePerformance -->
        <test-method is-config="true" signature="tearDown()[pri:0, instance:TestCases.TC001__selectable@6989da5e]" started-at="2022-12-06T16:05:25 IST" name="tearDown" finished-at="2022-12-06T16:05:28 IST" duration-ms="2192" status="PASS">
          <reporter-output>
          </reporter-output>
        </test-method> <!-- tearDown -->
      </class> <!-- TestCases.TC001__selectable -->
      <class name="TestCases.TC001__sortable">
        <test-method is-config="true" signature="setup(java.lang.String)[pri:0, instance:TestCases.TC001__sortable@385c9627]" started-at="2022-12-06T16:05:28 IST" name="setup" finished-at="2022-12-06T16:05:31 IST" duration-ms="3470" status="PASS">
          <params>
            <param index="0">
              <value>
                <![CDATA[edge]]>
              </value>
            </param>
          </params>
          <reporter-output>
          </reporter-output>
        </test-method> <!-- setup -->
        <test-method signature="sortblePerformance()[pri:1, instance:TestCases.TC001__sortable@385c9627]" started-at="2022-12-06T16:05:31 IST" name="sortblePerformance" finished-at="2022-12-06T16:05:44 IST" duration-ms="12726" status="PASS">
          <reporter-output>
          </reporter-output>
        </test-method> <!-- sortblePerformance -->
        <test-method is-config="true" signature="tearDown()[pri:0, instance:TestCases.TC001__sortable@385c9627]" started-at="2022-12-06T16:05:44 IST" name="tearDown" finished-at="2022-12-06T16:05:46 IST" duration-ms="2203" status="PASS">
          <reporter-output>
          </reporter-output>
        </test-method> <!-- tearDown -->
      </class> <!-- TestCases.TC001__sortable -->
      <class name="TestCases.TC001__drag__">
        <test-method is-config="true" signature="setup(java.lang.String)[pri:0, instance:TestCases.TC001__drag__@3fc2959f]" started-at="2022-12-06T16:05:07 IST" name="setup" finished-at="2022-12-06T16:05:12 IST" duration-ms="4076" status="PASS">
          <params>
            <param index="0">
              <value>
                <![CDATA[edge]]>
              </value>
            </param>
          </params>
          <reporter-output>
          </reporter-output>
        </test-method> <!-- setup -->
        <test-method signature="dragFromOnePlacetoAnotherPlace()[pri:0, instance:TestCases.TC001__drag__@3fc2959f]" started-at="2022-12-06T16:05:12 IST" name="dragFromOnePlacetoAnotherPlace" finished-at="2022-12-06T16:05:13 IST" duration-ms="1576" status="PASS">
          <reporter-output>
          </reporter-output>
        </test-method> <!-- dragFromOnePlacetoAnotherPlace -->
        <test-method is-config="true" signature="tearDown()[pri:0, instance:TestCases.TC001__drag__@3fc2959f]" started-at="2022-12-06T16:05:13 IST" name="tearDown" finished-at="2022-12-06T16:05:15 IST" duration-ms="2201" status="PASS">
          <reporter-output>
          </reporter-output>
        </test-method> <!-- tearDown -->
      </class> <!-- TestCases.TC001__drag__ -->
      <class name="TestCases.TC001___dranAndDrop">
        <test-method is-config="true" signature="setup(java.lang.String)[pri:0, instance:TestCases.TC001___dranAndDrop@10683d9d]" started-at="2022-12-06T16:04:59 IST" name="setup" finished-at="2022-12-06T16:05:04 IST" duration-ms="4950" status="PASS">
          <params>
            <param index="0">
              <value>
                <![CDATA[edge]]>
              </value>
            </param>
          </params>
          <reporter-output>
          </reporter-output>
        </test-method> <!-- setup -->
        <test-method signature="draggingPerformance()[pri:1, instance:TestCases.TC001___dranAndDrop@10683d9d]" started-at="2022-12-06T16:05:04 IST" name="draggingPerformance" finished-at="2022-12-06T16:05:05 IST" duration-ms="1466" status="PASS">
          <reporter-output>
          </reporter-output>
        </test-method> <!-- draggingPerformance -->
        <test-method is-config="true" signature="tearDown()[pri:0, instance:TestCases.TC001___dranAndDrop@10683d9d]" started-at="2022-12-06T16:05:05 IST" name="tearDown" finished-at="2022-12-06T16:05:07 IST" duration-ms="2256" status="PASS">
          <reporter-output>
          </reporter-output>
        </test-method> <!-- tearDown -->
      </class> <!-- TestCases.TC001___dranAndDrop -->
    </test> <!-- edge -->
  </suite> <!-- Suite -->
</testng-results>
